[0.009s] Invoking command in '/home/anhkhoa/dev_ws/src/my_bot/build/my_bot': CMAKE_PREFIX_PATH=${CMAKE_PREFIX_PATH}:/home/anhkhoa/dev_ws/install/serial_motor_demo:/opt/ros/humble /usr/bin/cmake /home/anhkhoa/dev_ws/src/my_bot -DAMENT_CMAKE_SYMLINK_INSTALL=1 -DCMAKE_INSTALL_PREFIX=/home/anhkhoa/dev_ws/src/my_bot/install/my_bot
[1.328s] -- The C compiler identification is GNU 11.4.0
[2.078s] -- The CXX compiler identification is GNU 11.4.0
[2.093s] -- Detecting C compiler ABI info
[2.277s] -- Detecting C compiler ABI info - done
[2.284s] -- Check for working C compiler: /usr/bin/cc - skipped
[2.285s] -- Detecting C compile features
[2.293s] -- Detecting C compile features - done
[2.309s] -- Detecting CXX compiler ABI info
[2.500s] -- Detecting CXX compiler ABI info - done
[2.507s] -- Check for working CXX compiler: /usr/bin/c++ - skipped
[2.508s] -- Detecting CXX compile features
[2.508s] -- Detecting CXX compile features - done
[2.552s] -- Found ament_cmake: 1.3.12 (/opt/ros/humble/share/ament_cmake/cmake)
[2.827s] -- Found Python3: /usr/bin/python3 (found version "3.10.12") found components: Interpreter 
[2.949s] -- Override CMake install command with custom implementation using symlinks instead of copying resources
[3.119s] -- Found ament_lint_auto: 0.12.14 (/opt/ros/humble/share/ament_lint_auto/cmake)
[3.346s] -- Added test 'copyright' to check source files copyright and LICENSE
[3.432s] -- Added test 'cppcheck' to perform static code analysis on C / C++ code
[3.432s] -- Configured cppcheck include dirs: 
[3.432s] -- Configured cppcheck exclude dirs and/or files: 
[3.450s] -- Added test 'cpplint' to check C / C++ code against the Google style
[3.451s] -- Configured cpplint exclude dirs and/or files: 
[3.453s] -- Added test 'flake8' to check Python code syntax and style conventions
[3.457s] -- Added test 'lint_cmake' to check CMake code style
[3.459s] -- Added test 'pep257' to check Python code against some of the docstring style conventions in PEP 257
[3.472s] -- Added test 'uncrustify' to check C / C++ code style
[3.472s] -- Configured uncrustify additional arguments: 
[3.476s] -- Added test 'xmllint' to check XML markup files
[3.478s] -- Configuring done
[3.481s] -- Generating done
[3.483s] -- Build files have been written to: /home/anhkhoa/dev_ws/src/my_bot/build/my_bot
[3.489s] Invoked command in '/home/anhkhoa/dev_ws/src/my_bot/build/my_bot' returned '0': CMAKE_PREFIX_PATH=${CMAKE_PREFIX_PATH}:/home/anhkhoa/dev_ws/install/serial_motor_demo:/opt/ros/humble /usr/bin/cmake /home/anhkhoa/dev_ws/src/my_bot -DAMENT_CMAKE_SYMLINK_INSTALL=1 -DCMAKE_INSTALL_PREFIX=/home/anhkhoa/dev_ws/src/my_bot/install/my_bot
[3.489s] Invoking command in '/home/anhkhoa/dev_ws/src/my_bot/build/my_bot': CMAKE_PREFIX_PATH=${CMAKE_PREFIX_PATH}:/home/anhkhoa/dev_ws/install/serial_motor_demo:/opt/ros/humble /usr/bin/cmake --build /home/anhkhoa/dev_ws/src/my_bot/build/my_bot -- -j12 -l12
[3.526s] Invoked command in '/home/anhkhoa/dev_ws/src/my_bot/build/my_bot' returned '0': CMAKE_PREFIX_PATH=${CMAKE_PREFIX_PATH}:/home/anhkhoa/dev_ws/install/serial_motor_demo:/opt/ros/humble /usr/bin/cmake --build /home/anhkhoa/dev_ws/src/my_bot/build/my_bot -- -j12 -l12
[3.536s] Invoking command in '/home/anhkhoa/dev_ws/src/my_bot/build/my_bot': CMAKE_PREFIX_PATH=${CMAKE_PREFIX_PATH}:/home/anhkhoa/dev_ws/install/serial_motor_demo:/opt/ros/humble /usr/bin/cmake --install /home/anhkhoa/dev_ws/src/my_bot/build/my_bot
[3.543s] -- Install configuration: ""
[3.543s] -- Execute custom install script
[3.544s] -- Symlinking: /home/anhkhoa/dev_ws/src/my_bot/install/my_bot/share/my_bot/config/empty.yaml
[3.552s] -- Symlinking: /home/anhkhoa/dev_ws/src/my_bot/install/my_bot/share/my_bot/config/gazebo_params.yaml
[3.560s] -- Symlinking: /home/anhkhoa/dev_ws/src/my_bot/install/my_bot/share/my_bot/config/my_controllers.yaml
[3.568s] -- Symlinking: /home/anhkhoa/dev_ws/src/my_bot/install/my_bot/share/my_bot/config/view_bot.rviz
[3.576s] -- Symlinking: /home/anhkhoa/dev_ws/src/my_bot/install/my_bot/share/my_bot/description/camera.xacro
[3.583s] -- Symlinking: /home/anhkhoa/dev_ws/src/my_bot/install/my_bot/share/my_bot/description/gazebo_control.xacro
[3.591s] -- Symlinking: /home/anhkhoa/dev_ws/src/my_bot/install/my_bot/share/my_bot/description/inertial_macros.xacro
[3.598s] -- Symlinking: /home/anhkhoa/dev_ws/src/my_bot/install/my_bot/share/my_bot/description/lidar.xacro
[3.606s] -- Symlinking: /home/anhkhoa/dev_ws/src/my_bot/install/my_bot/share/my_bot/description/robot.urdf.xacro
[3.614s] -- Symlinking: /home/anhkhoa/dev_ws/src/my_bot/install/my_bot/share/my_bot/description/robot_core.xacro
[3.622s] -- Symlinking: /home/anhkhoa/dev_ws/src/my_bot/install/my_bot/share/my_bot/description/ros2_control.xacro
[3.630s] -- Symlinking: /home/anhkhoa/dev_ws/src/my_bot/install/my_bot/share/my_bot/launch/launch_sim.launch.py
[3.637s] -- Symlinking: /home/anhkhoa/dev_ws/src/my_bot/install/my_bot/share/my_bot/launch/rsp.launch.py
[3.645s] -- Symlinking: /home/anhkhoa/dev_ws/src/my_bot/install/my_bot/share/my_bot/worlds/chuongngaivat.world
[3.653s] -- Symlinking: /home/anhkhoa/dev_ws/src/my_bot/install/my_bot/share/my_bot/worlds/empty.world
[3.661s] -- Symlinking: /home/anhkhoa/dev_ws/src/my_bot/install/my_bot/share/ament_index/resource_index/package_run_dependencies/my_bot
[3.668s] -- Symlinking: /home/anhkhoa/dev_ws/src/my_bot/install/my_bot/share/ament_index/resource_index/parent_prefix_path/my_bot
[3.676s] -- Symlinking: /home/anhkhoa/dev_ws/src/my_bot/install/my_bot/share/my_bot/environment/ament_prefix_path.sh
[3.684s] -- Symlinking: /home/anhkhoa/dev_ws/src/my_bot/install/my_bot/share/my_bot/environment/ament_prefix_path.dsv
[3.692s] -- Symlinking: /home/anhkhoa/dev_ws/src/my_bot/install/my_bot/share/my_bot/environment/path.sh
[3.699s] -- Symlinking: /home/anhkhoa/dev_ws/src/my_bot/install/my_bot/share/my_bot/environment/path.dsv
[3.707s] -- Symlinking: /home/anhkhoa/dev_ws/src/my_bot/install/my_bot/share/my_bot/local_setup.bash
[3.715s] -- Symlinking: /home/anhkhoa/dev_ws/src/my_bot/install/my_bot/share/my_bot/local_setup.sh
[3.723s] -- Symlinking: /home/anhkhoa/dev_ws/src/my_bot/install/my_bot/share/my_bot/local_setup.zsh
[3.730s] -- Symlinking: /home/anhkhoa/dev_ws/src/my_bot/install/my_bot/share/my_bot/local_setup.dsv
[3.738s] -- Symlinking: /home/anhkhoa/dev_ws/src/my_bot/install/my_bot/share/my_bot/package.dsv
[3.746s] -- Symlinking: /home/anhkhoa/dev_ws/src/my_bot/install/my_bot/share/ament_index/resource_index/packages/my_bot
[3.754s] -- Symlinking: /home/anhkhoa/dev_ws/src/my_bot/install/my_bot/share/my_bot/cmake/my_botConfig.cmake
[3.761s] -- Symlinking: /home/anhkhoa/dev_ws/src/my_bot/install/my_bot/share/my_bot/cmake/my_botConfig-version.cmake
[3.769s] -- Symlinking: /home/anhkhoa/dev_ws/src/my_bot/install/my_bot/share/my_bot/package.xml
[3.778s] Invoked command in '/home/anhkhoa/dev_ws/src/my_bot/build/my_bot' returned '0': CMAKE_PREFIX_PATH=${CMAKE_PREFIX_PATH}:/home/anhkhoa/dev_ws/install/serial_motor_demo:/opt/ros/humble /usr/bin/cmake --install /home/anhkhoa/dev_ws/src/my_bot/build/my_bot
